{"path": "LessonFolders\\Semester1\\Grade1\\Week1\\Lesson1\\video\\G1_S1_W1_L1_test_mp4_3.mp4", "timestamp": "August 19, 2024 at 11:30:19 AM", "filecount": 1}
{"path": "LessonFolders\\Semester1\\Grade1\\Week1\\Lesson1\\video\\G1_S1_W1_L1_test_mp4_4.mp4", "timestamp": "August 19, 2024 at 11:30:19 AM", "filecount": 1}
{"path": "LessonFolders\\Semester1\\Grade1\\Week1\\Lesson1\\G1_S1_W1_L1_test_pptx1.pptx", "timestamp": "August 19, 2024 at 11:30:19 AM", "filecount": 1}
{"path": "LessonFolders\\Semester1\\Grade1\\Week1\\Lesson1\\G1_S1_W1_L1_test_pptx2.pptx", "timestamp": "August 19, 2024 at 11:30:19 AM", "filecount": 1}
{"path": "LessonFolders\\Semester1\\Grade1\\Week1\\Lesson1\\G1_S1_W1_L1_test_pptx3.pptx", "timestamp": "August 19, 2024 at 11:30:19 AM", "filecount": 1}
{"path": "LessonFolders\\Semester1\\Grade1\\Week1\\Lesson1\\G1_S1_W1_L1_test_pptx4.pptx", "timestamp": "August 19, 2024 at 11:30:19 AM", "filecount": 1}
{"path": "LessonFolders\\Semester1\\Grade1\\Week1\\Lesson1\\G1_S1_W1_L1_test1.txt", "timestamp": "August 19, 2024 at 11:30:19 AM", "filecount": 1}
{"path": "LessonFolders\\Semester1\\Grade1\\Week1\\Lesson1\\G1_S1_W1_L1_test2.txt", "timestamp": "August 19, 2024 at 11:30:19 AM", "filecount": 1}
{"path": "LessonFolders\\Semester1\\Grade1\\Week1\\Lesson1\\image\\G1_S1_W1_L1_tiger.jpg", "timestamp": "August 19, 2024 at 11:30:19 AM", "filecount": 1}
{"path": "LessonFolders\\Semester1\\Grade1\\Week1\\Lesson1\\compressed\\G1_S1_W1_L1_zip_test1.zip", "timestamp": "August 19, 2024 at 11:30:19 AM", "filecount": 1}
{"path": "LessonFolders\\Semester1\\Grade1\\Week1\\Lesson1\\compressed\\G1_S1_W1_L1_zip_test2.zip", "timestamp": "August 19, 2024 at 11:30:19 AM", "filecount": 1}
{"path": "LessonFolders\\Semester1\\Grade1\\Week1\\Lesson1\\compressed\\G1_S1_W1_L1_zip_test3.zip", "timestamp": "August 19, 2024 at 11:30:19 AM", "filecount": 1}
{"path": "LessonFolders\\Semester1\\Grade1\\Week1\\Lesson1\\compressed\\G1_S1_W1_L1_zip_test4.zip", "timestamp": "August 19, 2024 at 11:30:19 AM", "filecount": 1}
{"path": "LessonFolders\\Semester1\\Grade1\\Week1\\Lesson1\\compressed\\G1_S1_W1_L1_zip_test5.zip", "timestamp": "August 19, 2024 at 11:30:19 AM", "filecount": 1}
{"path": "LessonFolders\\Semester1\\Grade1\\Week1\\Lesson1\\audio\\G1_S1_W1_L1_19ae5f19.mp3", "timestamp": "August 19, 2024 at 11:30:19 AM", "filecount": 1}
{"path": "LessonFolders\\Semester1\\Grade1\\Week1\\Lesson1\\compressed\\G1_S1_W1_L1_zip_test6.zip", "timestamp": "August 19, 2024 at 11:30:19 AM", "filecount": 1}
{"path": "LessonFolders\\Semester1\\Grade1\\Week1\\Lesson1\\audio\\G1_S1_W1_L1_as1s59.mp3", "timestamp": "August 19, 2024 at 11:30:19 AM", "filecount": 1}
{"path": "LessonFolders\\Semester1\\Grade1\\Week1\\Lesson1\\image\\G1_S1_W1_L1_cat.jpg", "timestamp": "August 19, 2024 at 11:30:19 AM", "filecount": 1}
{"path": "LessonFolders\\Semester1\\Grade1\\Week1\\Lesson1\\image\\G1_S1_W1_L1_fox.jpg", "timestamp": "August 19, 2024 at 11:30:19 AM", "filecount": 1}
{"path": "LessonFolders\\Semester1\\Grade1\\Week1\\Lesson1\\image\\G1_S1_W1_L1_duck.jpg", "timestamp": "August 19, 2024 at 11:30:19 AM", "filecount": 1}
{"path": "LessonFolders\\Semester1\\Grade1\\Week1\\Lesson1\\G1_S1_W1_L1_github_basics.docx", "timestamp": "August 19, 2024 at 11:30:19 AM", "filecount": 1}
{"path": "LessonFolders\\Semester1\\Grade1\\Week1\\Lesson1\\image\\G1_S1_W1_L1_lion.jpg", "timestamp": "August 19, 2024 at 11:30:19 AM", "filecount": 1}
{"path": "LessonFolders\\Semester1\\Grade1\\Week1\\Lesson1\\image\\G1_S1_W1_L1_rooster.jpg", "timestamp": "August 19, 2024 at 11:30:19 AM", "filecount": 1}
{"path": "LessonFolders\\Semester1\\Grade1\\Week1\\Lesson1\\video\\G1_S1_W1_L1_test_mp4_2.mp4", "timestamp": "August 19, 2024 at 11:30:19 AM", "filecount": 1}
{"path": "LessonFolders\\Semester1\\Grade1\\Week1\\Lesson1\\video\\G1_S1_W1_L1_test_mp4_1.mp4", "timestamp": "August 19, 2024 at 11:30:19 AM", "filecount": 1}
{"path": "emester1/Grade1/Week1/Lesson1", "timestamp": "August 19, 2024 at 11:30:19 AM", "filecount": 25}
{"path": "LessonFolders\\Semester1\\Grade1\\Week1\\Lesson1\\G1_S1_W1_L1_Polygon_Horror_Mansion_Low_Poly_3D_Art_By_Synty_v1.01.unitypackage", "timestamp": "August 20, 2024 at 11:44:32 PM", "filecount": 1}
{"path": "LessonFolders\\Semester1\\Grade1\\Week1\\Lesson1\\G1_S1_W1_L1_Polygon_Horror_Mansion_Low_Poly_3D_Art_By_Synty_v1.01.unitypackage", "timestamp": "August 20, 2024 at 11:44:45 PM", "filecount": 1}
{"path": "LessonFolders\\Semester1\\Grade1\\Week1\\Lesson1\\G1_S1_W1_L1_Q1193-Office_Cafeteria_Kit.unitypackage", "timestamp": "August 20, 2024 at 11:51:13 PM", "filecount": 1}
{"path": "LessonFolders\\Semester1\\Grade1\\Week1\\Lesson1\\G1_S1_W1_L1_Q1167-Animated_Sci-Fi_Doors.unitypackage", "timestamp": "August 20, 2024 at 11:51:13 PM", "filecount": 1}
{"path": "LessonFolders\\Semester1\\Grade1\\Week1\\Lesson1\\G1_S1_W1_L1_POLYGON_Sci-Fi_City_-_Low_Poly_3D_Art_by_Synty_1.19.unitypackage", "timestamp": "August 20, 2024 at 11:51:13 PM", "filecount": 1}
{"path": "LessonFolders\\Semester1\\Grade1\\Week1\\Lesson1\\G1_S1_W1_L1_QuickNav_-_Historys_Favorites_1.5.0.unitypackage", "timestamp": "August 20, 2024 at 11:51:13 PM", "filecount": 1}
{"path": "LessonFolders\\Semester1\\Grade1\\Week1\\Lesson1\\G1_S1_W1_L1_Scifi_Modern_flat_themed_GUI_UI_kit_-_over_700_PNG_files_PSD_AI_sources_v1.0.unitypackage", "timestamp": "August 20, 2024 at 11:51:13 PM", "filecount": 1}
{"path": "LessonFolders\\Semester1\\Grade1\\Week1\\Lesson1\\G1_S1_W1_L1_SocketIO_V4_Client_PLUS_Standalone_WebGL_1.4.0.unitypackage", "timestamp": "August 20, 2024 at 11:51:13 PM", "filecount": 1}
{"path": "LessonFolders\\Semester1\\Grade1\\Week1\\Lesson1\\G1_S1_W1_L1_Top-down_Environment_Pack_for_Mobile.unitypackage", "timestamp": "August 20, 2024 at 11:51:13 PM", "filecount": 1}
{"path": "LessonFolders\\Semester1\\Grade1\\Week1\\Lesson1\\G1_S1_W1_L1_Transform_Tools_v2.2.3.unitypackage", "timestamp": "August 20, 2024 at 11:51:13 PM", "filecount": 1}
{"path": "LessonFolders\\Semester1\\Grade1\\Week1\\Lesson1\\G1_S1_W1_L1_Universal_UI_Sound_FX_v1.0.unitypackage", "timestamp": "August 20, 2024 at 11:51:13 PM", "filecount": 1}
{"path": "LessonFolders\\Semester1\\Grade1\\Week1\\Lesson1\\G1_S1_W1_L1_Neon_Town_-_Mobile_1.0.unitypackage", "timestamp": "August 20, 2024 at 11:51:13 PM", "filecount": 1}
{"path": "LessonFolders\\Semester1\\Grade1\\Week1\\Lesson1\\G1_S1_W1_L1_POLY_-_House_Appliances_v1.0.unitypackage", "timestamp": "August 20, 2024 at 11:51:13 PM", "filecount": 1}
{"path": "LessonFolders\\Semester1\\Grade1\\Week1\\Lesson1\\G1_S1_W1_L1_POLY_-_Farm_v1.0.unitypackage", "timestamp": "August 20, 2024 at 11:51:13 PM", "filecount": 1}
{"path": "LessonFolders\\Semester1\\Grade1\\Week1\\Lesson1\\G1_S1_W1_L1_POLY_-_Houses_v1.0.unitypackage", "timestamp": "August 20, 2024 at 11:51:13 PM", "filecount": 1}
{"path": "LessonFolders\\Semester1\\Grade1\\Week1\\Lesson1\\G1_S1_W1_L1_POLY_-_New_York_City_Modular_v1.0.unitypackage", "timestamp": "August 20, 2024 at 11:51:13 PM", "filecount": 1}
{"path": "LessonFolders\\Semester1\\Grade1\\Week1\\Lesson1\\G1_S1_W1_L1_POLYGON_-_Dungeons_Pack_v1.3.unitypackage", "timestamp": "August 20, 2024 at 11:51:13 PM", "filecount": 1}
{"path": "LessonFolders\\Semester1\\Grade1\\Week1\\Lesson1\\G1_S1_W1_L1_POLYGON_-_Nature_Pack_v1.10.unitypackage", "timestamp": "August 20, 2024 at 11:51:13 PM", "filecount": 1}
{"path": "LessonFolders\\Semester1\\Grade1\\Week1\\Lesson1\\G1_S1_W1_L1_POLYGON_-_Sci-Fi_Space_Pack_1.09.unitypackage", "timestamp": "August 20, 2024 at 11:51:13 PM", "filecount": 1}
{"path": "LessonFolders\\Semester1\\Grade1\\Week1\\Lesson1\\G1_S1_W1_L1_POLYGON_Ancient_Empire_-_Low_Poly_3D_Art_by_Synty_v1.0.unitypackage", "timestamp": "August 20, 2024 at 11:51:13 PM", "filecount": 1}
{"path": "LessonFolders\\Semester1\\Grade1\\Week1\\Lesson1\\G1_S1_W1_L1_Polygon_Horror_Mansion_Low_Poly_3D_Art_By_Synty_v1.01.unitypackage", "timestamp": "August 20, 2024 at 11:51:13 PM", "filecount": 1}
{"path": "LessonFolders\\Semester1\\Grade1\\Week1\\Lesson1\\G1_S1_W1_L1_POLYGON_Military_-_Low_Poly_3D_Art_by_Synty_v1.02.unitypackage", "timestamp": "August 20, 2024 at 11:51:13 PM", "filecount": 1}
{"path": "emester1/Grade1/Week1/Lesson1", "timestamp": "August 20, 2024 at 11:51:13 PM", "filecount": 20}
{"path": "LessonFolders\\Semester1\\Grade1\\Week1\\Lesson2\\audio\\G1_S1_W1_L2_as1s59.mp3", "timestamp": "August 21, 2024 at 6:27:50 AM", "filecount": 1}
{"path": "LessonFolders\\Semester1\\Grade1\\Week1\\Lesson2\\image\\G1_S1_W1_L2_cat.jpg", "timestamp": "August 21, 2024 at 6:27:50 AM", "filecount": 1}
{"path": "LessonFolders\\Semester1\\Grade1\\Week1\\Lesson2\\audio\\G1_S1_W1_L2_19ae5f19.mp3", "timestamp": "August 21, 2024 at 6:27:50 AM", "filecount": 1}
{"path": "LessonFolders\\Semester1\\Grade1\\Week1\\Lesson2\\image\\G1_S1_W1_L2_duck.jpg", "timestamp": "August 21, 2024 at 6:27:50 AM", "filecount": 1}
{"path": "LessonFolders\\Semester1\\Grade1\\Week1\\Lesson2\\video\\G1_S1_W1_L2_test_mp4_3.mp4", "timestamp": "August 21, 2024 at 6:27:50 AM", "filecount": 1}
{"path": "LessonFolders\\Semester1\\Grade1\\Week1\\Lesson2\\video\\G1_S1_W1_L2_test_mp4_2.mp4", "timestamp": "August 21, 2024 at 6:27:50 AM", "filecount": 1}
{"path": "LessonFolders\\Semester1\\Grade1\\Week1\\Lesson2\\image\\G1_S1_W1_L2_fox.jpg", "timestamp": "August 21, 2024 at 6:27:50 AM", "filecount": 1}
{"path": "LessonFolders\\Semester1\\Grade1\\Week1\\Lesson2\\G1_S1_W1_L2_test_pptx1.pptx", "timestamp": "August 21, 2024 at 6:27:50 AM", "filecount": 1}
{"path": "LessonFolders\\Semester1\\Grade1\\Week1\\Lesson2\\video\\G1_S1_W1_L2_test_mp4_4.mp4", "timestamp": "August 21, 2024 at 6:27:50 AM", "filecount": 1}
{"path": "LessonFolders\\Semester1\\Grade1\\Week1\\Lesson2\\image\\G1_S1_W1_L2_lion.jpg", "timestamp": "August 21, 2024 at 6:27:50 AM", "filecount": 1}
{"path": "LessonFolders\\Semester1\\Grade1\\Week1\\Lesson2\\G1_S1_W1_L2_test_pptx2.pptx", "timestamp": "August 21, 2024 at 6:27:50 AM", "filecount": 1}
{"path": "LessonFolders\\Semester1\\Grade1\\Week1\\Lesson2\\G1_S1_W1_L2_test_pptx4.pptx", "timestamp": "August 21, 2024 at 6:27:50 AM", "filecount": 1}
{"path": "LessonFolders\\Semester1\\Grade1\\Week1\\Lesson2\\G1_S1_W1_L2_github_basics.docx", "timestamp": "August 21, 2024 at 6:27:50 AM", "filecount": 1}
{"path": "LessonFolders\\Semester1\\Grade1\\Week1\\Lesson2\\G1_S1_W1_L2_test1.txt", "timestamp": "August 21, 2024 at 6:27:50 AM", "filecount": 1}
{"path": "LessonFolders\\Semester1\\Grade1\\Week1\\Lesson2\\image\\G1_S1_W1_L2_tiger.jpg", "timestamp": "August 21, 2024 at 6:27:50 AM", "filecount": 1}
{"path": "LessonFolders\\Semester1\\Grade1\\Week1\\Lesson2\\compressed\\G1_S1_W1_L2_zip_test2.zip", "timestamp": "August 21, 2024 at 6:27:50 AM", "filecount": 1}
{"path": "LessonFolders\\Semester1\\Grade1\\Week1\\Lesson2\\compressed\\G1_S1_W1_L2_zip_test3.zip", "timestamp": "August 21, 2024 at 6:27:50 AM", "filecount": 1}
{"path": "LessonFolders\\Semester1\\Grade1\\Week1\\Lesson2\\compressed\\G1_S1_W1_L2_zip_test5.zip", "timestamp": "August 21, 2024 at 6:27:50 AM", "filecount": 1}
{"path": "LessonFolders\\Semester1\\Grade1\\Week1\\Lesson2\\compressed\\G1_S1_W1_L2_zip_test4.zip", "timestamp": "August 21, 2024 at 6:27:50 AM", "filecount": 1}
{"path": "emester1/Grade1/Week1/Lesson2", "timestamp": "August 21, 2024 at 6:27:50 AM", "filecount": 23}
{"path": "LessonFolders\\Semester1\\Grade1\\Week1\\Lesson2\\compressed\\G1_S1_W1_L2_zip_test6.zip", "timestamp": "August 21, 2024 at 6:27:50 AM", "filecount": 1}
{"path": "LessonFolders\\Semester1\\Grade1\\Week1\\Lesson2\\compressed\\G1_S1_W1_L2_zip_test1.zip", "timestamp": "August 21, 2024 at 6:27:50 AM", "filecount": 1}
{"path": "LessonFolders\\Semester1\\Grade1\\Week1\\Lesson2\\G1_S1_W1_L2_test_pptx3.pptx", "timestamp": "August 21, 2024 at 6:27:50 AM", "filecount": 1}
{"path": "LessonFolders\\Semester1\\Grade1\\Week1\\Lesson2\\image\\G1_S1_W1_L2_rooster.jpg", "timestamp": "August 21, 2024 at 6:27:50 AM", "filecount": 1}
{"path": "LessonFolders\\Semester1\\Grade5\\Week5\\Lesson5\\G5_S1_W5_L5_ppt_test_withtriigger_animations.pptx", "timestamp": "August 21, 2024 at 8:34:59 PM", "filecount": 1}
{"path": "LessonFolders\\Semester1\\Grade5\\Week5\\Lesson5\\G5_S1_W5_L5_ppt_test_withtriigger_animations.pptx", "timestamp": "August 21, 2024 at 8:40:35 PM", "filecount": 1}
{"path": "LessonFolders\\Semester1\\Grade5\\Week5\\Lesson5\\G5_S1_W5_L5_ppt_test_withtriigger_animations.pptx", "timestamp": "August 21, 2024 at 8:41:17 PM", "filecount": 1}
{"path": "LessonFolders\\Semester2\\Grade3\\Week3\\Lesson2\\G3_S2_W3_L2_Syamel_Shahrir_CV.Generic.edited.docx", "timestamp": "August 22, 2024 at 10:08:20 AM", "filecount": 1}
{"path": "LessonFolders\\Semester1\\Grade3\\Week4\\Lesson5\\G3_S1_W4_L5_temp.txt", "timestamp": "August 22, 2024 at 2:08:59 AM", "filecount": 1}
{"path": "LessonFolders\\Semester1\\Grade1\\Week1\\Lesson1\\image\\G1_S1_W1_L1_cat.jpg", "timestamp": "August 22, 2024 at 2:14:18 AM", "filecount": 1}
{"path": "LessonFolders\\Semester1\\Grade1\\Week1\\Lesson1\\image\\G1_S1_W1_L1_tiger.jpg", "timestamp": "August 22, 2024 at 2:15:48 AM", "filecount": 1}
